#
# There is insufficient memory for the Java Runtime Environment to continue.
# Native memory allocation (mmap) failed to map 201326592 bytes for G1 virtual space
# Possible reasons:
#   The system is out of physical RAM or swap space
#   The process is running with CompressedOops enabled, and the Java Heap may be blocking the growth of the native heap
# Possible solutions:
#   Reduce memory load on the system
#   Increase physical memory or swap space
#   Check if swap backing store is full
#   Decrease Java heap size (-Xmx/-Xms)
#   Decrease number of Java threads
#   Decrease Java thread stack sizes (-Xss)
#   Set larger code cache with -XX:ReservedCodeCacheSize=
#   JVM is running with Unscaled Compressed Oops mode in which the Java heap is
#     placed in the first 4GB address space. The Java Heap base address is the
#     maximum limit for the native heap growth. Please use -XX:HeapBaseMinAddress
#     to set the Java Heap base and to place the Java Heap above 4GB virtual address.
# This output file may be truncated or incomplete.
#
#  Out of Memory Error (./src/hotspot/os/windows/os_windows.cpp:3472), pid=122848, tid=167372
#
# JRE version:  (15.0+36) (build )
# Java VM: OpenJDK 64-Bit Server VM (15+36, mixed mode, sharing, tiered, compressed oops, g1 gc, windows-amd64)
# No core dump will be written. Minidumps are not enabled by default on client versions of Windows
#

---------------  S U M M A R Y ------------

Command Line: -Dorg.gradle.native=false -Xmx512m -Dfile.encoding=windows-1252 -Duser.country=PH -Duser.language=en -Duser.variant -ea worker.org.gradle.process.internal.worker.GradleWorkerMain 'Gradle Test Executor 1'

Host: Intel(R) Core(TM) i3-7130U CPU @ 2.70GHz, 4 cores, 11G,  Windows 10 , 64 bit Build 19041 (10.0.19041.804)
Time: Tue Mar 16 21:33:37 2021 China Standard Time elapsed time: 0.043589 seconds (0d 0h 0m 0s)

---------------  T H R E A D  ---------------

Current thread (0x0000023c42c1bf40):  JavaThread "Unknown thread" [_thread_in_vm, id=167372, stack(0x000000696de00000,0x000000696df00000)]

Stack: [0x000000696de00000,0x000000696df00000]
Native frames: (J=compiled Java code, j=interpreted, Vv=VM code, C=native code)
V  [jvm.dll+0x5f1c4a]
V  [jvm.dll+0x78f3b9]
V  [jvm.dll+0x790b13]
V  [jvm.dll+0x791163]
V  [jvm.dll+0x1fb3f8]
V  [jvm.dll+0x5ef04a]
V  [jvm.dll+0x5e3be5]
V  [jvm.dll+0x2b48cd]
V  [jvm.dll+0x2b4732]
V  [jvm.dll+0x2ba59c]
V  [jvm.dll+0x304eb8]
V  [jvm.dll+0x304574]
V  [jvm.dll+0x28bb4a]
V  [jvm.dll+0x28ccb0]
V  [jvm.dll+0x76d141]
V  [jvm.dll+0x312d24]
V  [jvm.dll+0x74e4cc]
V  [jvm.dll+0x38e15f]
V  [jvm.dll+0x38fe01]
C  [jli.dll+0x5243]
C  [ucrtbase.dll+0x21bb2]
C  [KERNEL32.DLL+0x17034]
C  [ntdll.dll+0x52651]


---------------  P R O C E S S  ---------------

Threads class SMR info:
_java_thread_list=0x00007ff9c3546a00, length=0, elements={
}

Java Threads: ( => current thread )

Other Threads:
  0x0000023c42c47a60 GCTaskThread "GC Thread#0" [stack: 0x000000696df00000,0x000000696e000000] [id=173160]
  0x0000023c42c4cc40 ConcurrentGCThread "G1 Main Marker" [stack: 0x000000696e000000,0x000000696e100000] [id=165068]
  0x0000023c42c4df60 ConcurrentGCThread "G1 Conc#0" [stack: 0x000000696e100000,0x000000696e200000] [id=103668]

[error occurred during error reporting (printing all threads), id 0xc0000005, EXCEPTION_ACCESS_VIOLATION (0xc0000005) at pc=0x00007ff9c2cfcb97]

VM state: not at safepoint (not fully initialized)

VM Mutex/Monitor currently owned by a thread:  ([mutex/lock_event])
[0x0000023c42c171a0] Heap_lock - owner thread: 0x0000023c42c1bf40

Heap address: 0x00000000e0000000, size: 512 MB, Compressed Oops mode: 32-bit
CDS archive(s) mapped at: [0x0000000000000000-0x0000000000000000-0x0000000000000000), size 0, SharedBaseAddress: 0x0000000800000000, ArchiveRelocationMode: 0.
Narrow klass base: 0x0000000000000000, Narrow klass shift: 0, Narrow klass range: 0x0

Heap:
 garbage-first heap   total 196608K, used 0K [0x00000000e0000000, 0x0000000100000000)
  region size 1024K, 0 young (0K), 0 survivors (0K)
 Metaspace       used 0K, capacity 0K, committed 0K, reserved 0K
  class space    used 0K, capacity 0K, committed 0K, reserved 0K

Heap Regions: E=young(eden), S=young(survivor), O=old, HS=humongous(starts), HC=humongous(continues), CS=collection set, F=free, OA=open archive, CA=closed archive, TAMS=top-at-mark-start (previous, next)

Card table byte_map: [0x0000023c5a130000,0x0000023c5a230000] _byte_map_base: 0x0000023c59a30000

Marking Bits (Prev, Next): (CMBitMap*) 0x0000023c42c481e0, (CMBitMap*) 0x0000023c42c48220
 Prev Bits: [0x0000023c5a330000, 0x0000023c5ab30000)
 Next Bits: [0x0000023c5ab30000, 0x0000023c5b330000)

GC Heap History (0 events):
No events

Deoptimization events (0 events):
No events

Classes unloaded (0 events):
No events

Classes redefined (0 events):
No events

Internal exceptions (0 events):
No events

Events (1 events):
Event: 0.010 Loaded shared library C:\Program Files\AdoptOpenJDK\jdk-15.0.0.36-hotspot\bin\java.dll


Dynamic libraries:
0x00007ff605c80000 - 0x00007ff605c8d000 	C:\Program Files\AdoptOpenJDK\jdk-15.0.0.36-hotspot\bin\java.exe
0x00007ffa0f9d0000 - 0x00007ffa0fbc5000 	C:\WINDOWS\SYSTEM32\ntdll.dll
0x00007ffa0e690000 - 0x00007ffa0e74d000 	C:\WINDOWS\System32\KERNEL32.DLL
0x00007ffa0d630000 - 0x00007ffa0d8f9000 	C:\WINDOWS\System32\KERNELBASE.dll
0x00007ffa0d300000 - 0x00007ffa0d400000 	C:\WINDOWS\System32\ucrtbase.dll
0x00007ff9f8470000 - 0x00007ff9f8485000 	C:\Program Files\AdoptOpenJDK\jdk-15.0.0.36-hotspot\bin\VCRUNTIME140.dll
0x00007ffa07b90000 - 0x00007ffa07ba8000 	C:\Program Files\AdoptOpenJDK\jdk-15.0.0.36-hotspot\bin\jli.dll
0x00007ffa0e470000 - 0x00007ffa0e610000 	C:\WINDOWS\System32\USER32.dll
0x00007ffa0d1c0000 - 0x00007ffa0d1e2000 	C:\WINDOWS\System32\win32u.dll
0x00007ffa00320000 - 0x00007ffa005ba000 	C:\WINDOWS\WinSxS\amd64_microsoft.windows.common-controls_6595b64144ccf1df_6.0.19041.844_none_ca00b6081b84eb1d\COMCTL32.dll
0x00007ffa0dc20000 - 0x00007ffa0dc4a000 	C:\WINDOWS\System32\GDI32.dll
0x00007ffa0e2a0000 - 0x00007ffa0e33e000 	C:\WINDOWS\System32\msvcrt.dll
0x00007ffa0d1f0000 - 0x00007ffa0d2fb000 	C:\WINDOWS\System32\gdi32full.dll
0x00007ffa0d560000 - 0x00007ffa0d5fd000 	C:\WINDOWS\System32\msvcp_win.dll
0x00007ffa0da30000 - 0x00007ffa0da60000 	C:\WINDOWS\System32\IMM32.DLL
0x00007ff9e3c70000 - 0x00007ff9e3d0b000 	C:\Program Files\AdoptOpenJDK\jdk-15.0.0.36-hotspot\bin\msvcp140.dll
0x00007ff9c2a60000 - 0x00007ff9c35e4000 	C:\Program Files\AdoptOpenJDK\jdk-15.0.0.36-hotspot\bin\server\jvm.dll
0x00007ffa0f790000 - 0x00007ffa0f83c000 	C:\WINDOWS\System32\ADVAPI32.dll
0x00007ffa0f390000 - 0x00007ffa0f42c000 	C:\WINDOWS\System32\sechost.dll
0x00007ffa0e170000 - 0x00007ffa0e29b000 	C:\WINDOWS\System32\RPCRT4.dll
0x00007ffa0f840000 - 0x00007ffa0f848000 	C:\WINDOWS\System32\PSAPI.DLL
0x00007ffa026d0000 - 0x00007ffa026d9000 	C:\WINDOWS\SYSTEM32\WSOCK32.dll
0x00007ffa0e610000 - 0x00007ffa0e67b000 	C:\WINDOWS\System32\WS2_32.dll
0x00007ff9fdc20000 - 0x00007ff9fdc47000 	C:\WINDOWS\SYSTEM32\WINMM.dll
0x00007ffa03f00000 - 0x00007ffa03f0a000 	C:\WINDOWS\SYSTEM32\VERSION.dll
0x00007ffa0b010000 - 0x00007ffa0b022000 	C:\WINDOWS\SYSTEM32\kernel.appcore.dll
0x00007ffa08e80000 - 0x00007ffa08e8a000 	C:\Program Files\AdoptOpenJDK\jdk-15.0.0.36-hotspot\bin\jimage.dll
0x00007ffa00750000 - 0x00007ffa00934000 	C:\WINDOWS\SYSTEM32\DBGHELP.DLL
0x00007ffa01c30000 - 0x00007ffa01c5c000 	C:\WINDOWS\SYSTEM32\dbgcore.DLL
0x00007ffa0d900000 - 0x00007ffa0d980000 	C:\WINDOWS\System32\bcryptPrimitives.dll
0x00007ff9edc50000 - 0x00007ff9edc75000 	C:\Program Files\AdoptOpenJDK\jdk-15.0.0.36-hotspot\bin\java.dll

dbghelp: loaded successfully - version: 4.0.5 - missing functions: none
symbol engine: initialized successfully - sym options: 0x614 - pdb path: .;C:\Program Files\AdoptOpenJDK\jdk-15.0.0.36-hotspot\bin;C:\WINDOWS\SYSTEM32;C:\WINDOWS\WinSxS\amd64_microsoft.windows.common-controls_6595b64144ccf1df_6.0.19041.844_none_ca00b6081b84eb1d;C:\Program Files\AdoptOpenJDK\jdk-15.0.0.36-hotspot\bin\server

VM Arguments:
jvm_args: -Dorg.gradle.native=false -Xmx512m -Dfile.encoding=windows-1252 -Duser.country=PH -Duser.language=en -Duser.variant -ea 
java_command: worker.org.gradle.process.internal.worker.GradleWorkerMain 'Gradle Test Executor 1'
java_class_path (initial): C:\\Users\\develmode\\.gradle\\caches\\6.7\\workerMain\\gradle-worker.jar;C:\\Users\\develmode\\dev\\rp-engine-mod\\lib\\build\\classes\\java\\test;C:\\Users\\develmode\\dev\\rp-engine-mod\\lib\\build\\resources\\test;C:\\Users\\develmode\\dev\\rp-engine-mod\\lib\\build\\classes\\java\\main;C:\\Users\\develmode\\dev\\rp-engine-mod\\lib\\build\\resources\\main;C:\\Users\\develmode\\.gradle\\caches\\modules-2\\files-2.1\\org.apache.commons\\commons-math3\\3.6.1\\e4ba98f1d4b3c80ec46392f25e094a6a2e58fcbf\\commons-math3-3.6.1.jar;C:\\Users\\develmode\\.gradle\\caches\\modules-2\\files-2.1\\com.google.guava\\guava\\29.0-jre\\801142b4c3d0f0770dd29abea50906cacfddd447\\guava-29.0-jre.jar;C:\\Users\\develmode\\.gradle\\caches\\modules-2\\files-2.1\\junit\\junit\\4.13\\e49ccba652b735c93bd6e6f59760d8254cf597dd\\junit-4.13.jar;C:\\Users\\develmode\\.gradle\\caches\\modules-2\\files-2.1\\com.google.guava\\failureaccess\\1.0.1\\1dcf1de382a0bf95a3d8b0849546c88bac1292c9\\failureaccess-1.0.1.jar;C:\\Users\\develmode\\.gradle\\caches\\modules-2\\files-2.1\\com.google.guava\\listenablefuture\\9999.0-empty-to-avoid-conflict-with-guava\\b421526c5f297295adef1c886e5246c39d4ac629\\listenablefuture-9999.0-empty-to-avoid-conflict-with-guava.jar;C:\\Users\\develmode\\.gradle\\caches\\modules-2\\files-2.1\\com.google.code.findbugs\\jsr305\\3.0.2\\25ea2e8b0c338a877313bd4672d3fe056ea78f0d\\jsr305-3.0.2.jar;C:\\Users\\develmode\\.gradle\\caches\\modules-2\\files-2.1\\org.checkerframework\\checker-qual\\2.11.1\\8c43bf8f99b841d23aadda6044329dad9b63c185\\checker-qual-2.11.1.jar;C:\\Users\\develmode\\.gradle\\caches\\modules-2\\files-2.1\\com.google.errorprone\\error_prone_annotations\\2.3.4\\dac170e4594de319655ffb62f41cbd6dbb5e601e\\error_prone_annotations-2.3.4.jar;C:\\Users\\develmode\\.gradle\\caches\\modules-2\\files-2.1\\com.google.j2objc\\j2objc-annotations\\1.3\\ba035118bc8bac37d7eff77700720999acd9986d\\j2objc-annotations-1.3.jar;C:\\Users\\develmode\\.gradle\\cach
Launcher Type: SUN_STANDARD

[Global flags]
     intx CICompilerCount                          = 3                                         {product} {ergonomic}
     uint ConcGCThreads                            = 1                                         {product} {ergonomic}
     uint G1ConcRefinementThreads                  = 4                                         {product} {ergonomic}
   size_t G1HeapRegionSize                         = 1048576                                   {product} {ergonomic}
    uintx GCDrainStackTargetSize                   = 64                                        {product} {ergonomic}
   size_t InitialHeapSize                          = 201326592                                 {product} {ergonomic}
   size_t MarkStackSize                            = 4194304                                   {product} {ergonomic}
   size_t MaxHeapSize                              = 536870912                                 {product} {command line}
   size_t MinHeapDeltaBytes                        = 1048576                                   {product} {ergonomic}
   size_t MinHeapSize                              = 8388608                                   {product} {ergonomic}
    uintx NonNMethodCodeHeapSize                   = 5832780                                {pd product} {ergonomic}
    uintx NonProfiledCodeHeapSize                  = 122912730                              {pd product} {ergonomic}
    uintx ProfiledCodeHeapSize                     = 122912730                              {pd product} {ergonomic}
    uintx ReservedCodeCacheSize                    = 251658240                              {pd product} {ergonomic}
     bool SegmentedCodeCache                       = true                                      {product} {ergonomic}
   size_t SoftMaxHeapSize                          = 536870912                              {manageable} {ergonomic}
     bool UseCompressedClassPointers               = true                                 {lp64_product} {ergonomic}
     bool UseCompressedOops                        = true                                 {lp64_product} {ergonomic}
     bool UseG1GC                                  = true                                      {product} {ergonomic}
     bool UseLargePagesIndividualAllocation        = false                                  {pd product} {ergonomic}

Logging:
Log output configuration:
 #0: stdout all=warning uptime,level,tags
 #1: stderr all=off uptime,level,tags

Environment Variables:
CLASSPATH=C:\Users\develmode\dev\rp-engine-mod\\gradle\wrapper\gradle-wrapper.jar
PATH=C:\Users\develmode\leiningen\bin;C:\Python27\Scripts;C:\WINDOWS\system32;C:\WINDOWS;C:\WINDOWS\System32\Wbem;C:\WINDOWS\System32\WindowsPowerShell\v1.0\;C:\WINDOWS\System32\OpenSSH\;C:\ProgramData\chocolatey\bin;C:\Program Files (x86)\Yarn\bin\;C:\Program Files\Calibre2\;C:\Program Files\Microsoft SQL Server\130\Tools\Binn\;C:\Program Files\Microsoft SQL Server\Client SDK\ODBC\170\Tools\Binn\;C:\ProgramData\nvm;C:\Program Files\nodejs;C:\Program Files\Git\cmd;C:\MinGW\bin;C:\Program Files\dotnet\;C:\Program Files\AdoptOpenJDK\jdk-15.0.0.36-hotspot\bin;C:\Program Files\Docker\Docker\resources\bin;C:\Program Files (x86)\NVIDIA Corporation\PhysX\Common;C:\Users\develmode\AppData\Local\Microsoft\WindowsApps;C:\Users\develmode\AppData\Local\Yarn\bin;C:\Users\develmode\AppData\Local\Programs\Microsoft VS Code\bin;C:\Users\develmode\AppData\Local\Pandoc\;C:\Python27\;C:\Program Files\JetBrains\IntelliJ IDEA Community Edition 2019.3.4\bin;C:\Program Files\MongoDB\Server\4.2\bin;C:\Users\develmode\.dotnet\tools;C:\Users\develmode\AppData\Local\hyper\app-3.0.2\resources\bin;C:\Users\develmode\AppData\Local\Android\Sdk\platform-tools;C:\ffmpeg-2020-12-27-git-bff6fbead8-full_build\bin
USERNAME=develmode
OS=Windows_NT
PROCESSOR_IDENTIFIER=Intel64 Family 6 Model 142 Stepping 9, GenuineIntel



---------------  S Y S T E M  ---------------

OS:
 Windows 10 , 64 bit Build 19041 (10.0.19041.804)
OS uptime: 4 days 20:46 hours
HyperV virtualization detected

CPU: total 4 (initial active 4) (2 cores per cpu, 2 threads per core) family 6 model 142 stepping 9, cmov, cx8, fxsr, mmx, sse, sse2, sse3, ssse3, sse4.1, sse4.2, popcnt, vzeroupper, avx, avx2, aes, clmul, erms, 3dnowpref, lzcnt, ht, tsc, tscinvbit, bmi1, bmi2, adx, fma, clflush, clflushopt

Memory: 4k page, system-wide physical 12165M (1743M free)
TotalPageFile size 20357M (AvailPageFile size 85M)
current process WorkingSet (physical memory assigned to process): 10M, peak: 10M
current process commit charge ("private bytes"): 51M, peak: 243M

vm_info: OpenJDK 64-Bit Server VM (15+36) for windows-amd64 JRE (15+36), built on Sep 15 2020 15:48:07 by "" with MS VC++ 15.9 (VS2017)

END.
